[LOG] System::create                           : Header version = 1.10.04. Current version = 1.10.04.
[LOG] SystemI::setOutputInternal               : Setting output to 'FMOD WASAPI Output'
[LOG] Manager::init                            : maxchannels = 1024 studioflags = 00000009 flags 00000000 extradriverdata 0000000000000000.
[LOG] SystemI::init                            : Initialize version=11004 (93853), maxchannels=1024, flags=0x00030000
[LOG] OutputWASAPI::init                       : Mix Format (WAVEFORMATEX): wFormatTag=0xFFFE, nChannels=2, nSamplesPerSec=48000, nAvgBytesPerSec=384000, nBlockAlign=8, wBitsPerSample=32, cbSize=22.
[LOG] OutputWASAPI::init                       : Mix Format (WAVEFORMATEXTENSIBLE): wValidBitsPerSample=32, dwChannelMask=0x00000003, SubFormat=00000003-0000-0010-8000-00AA00389B71.
[LOG] OutputWASAPI::init                       : Output buffer size: 4096 samples, latency: 0.00ms, period: 10.00ms, DSP buffer: 1024 * 4
[LOG] Thread::initThread                       : Init FMOD stream thread. Priority: 2, Stack Size: 65536, Semaphore: No, Sleep Time: 10, Looping: Yes.
[LOG] SystemI::DSPCodecPoolRegister            : register codec pool for pool type 5
[LOG] Thread::initThread                       : Init FMOD mixer thread. Priority: 3, Stack Size: 49152, Semaphore: No, Sleep Time: 0, Looping: Yes.
[LOG] AsyncManager::init                       : manager 000000005DBDD1E8 isAsync 1 updatePeriod 0.02
[LOG] Thread::initThread                       : Init FMOD Studio update thread. Priority: 0, Stack Size: 65536, Semaphore: No, Sleep Time: 1, Looping: No.
[LOG] AsyncManager::init                       : done
[LOG] PlaybackSystem::init                     : 
[LOG] Thread::initThread                       : Init FMOD Studio sample load thread. Priority: 0, Stack Size: 65536, Semaphore: No, Sleep Time: 1, Looping: No.
[LOG] PlaybackSystem::init                     : done
[LOG] LiveUpdate::init                         : 
[LOG] Thread::initThread                       : Init FMOD Studio bank load thread. Priority: 0, Stack Size: 65536, Semaphore: No, Sleep Time: 1, Looping: No.
[LOG] Manager::init                            : done.
[LOG] Profile::init                            : Profiler listening on port: 9264
[LOG] Manager::readBank                        : fileversion = 100, compatVersion = 99 (oldest = 44, newest = 100)
[LOG] Manager::readBank                        : fileversion = 100, compatVersion = 99 (oldest = 44, newest = 100)
[LOG] PlaybackSystem::acquireMasterBus         : Setting master channel group format to 6
[LOG] SystemI::createSoundInternal             : Create name='', mode=0x02000202
[LOG] SystemI::createSoundInternal             : exinfo->cbsize             = 232
[LOG] SystemI::createSoundInternal             : exinfo->length             = 331264
[LOG] SystemI::createSoundInternal             : exinfo->fileoffset         = 70144
[LOG] SystemI::createSoundInternal             : exinfo->numsubsounds       = 1
[LOG] SystemI::createSoundInternal             : exinfo->inclusionlist      = 00000000A544F5FC
[LOG] SystemI::createSoundInternal             : exinfo->inclusionlistnum   = 1
[LOG] SystemI::createSoundInternal             : exinfo->suggestedsoundtype = 5
[LOG] SystemI::createSoundInternal             : exinfo->useropen           = 00007FFABC2BE310
[LOG] SystemI::createSoundInternal             : exinfo->userclose          = 00007FFABC2BE2E0
[LOG] SystemI::createSoundInternal             : exinfo->userread           = 00007FFABC2BE3E0
[LOG] SystemI::createSoundInternal             : exinfo->userseek           = 00007FFABC2BE490
[LOG] SystemI::createSoundInternal             : exinfo->fileuserdata       = 00000000A59903A8
[LOG] SystemI::createSoundInternal             : exinfo->initialseekpostype = 1
[LOG] SystemI::DSPCodecPoolRegister            : register codec pool for pool type 5
[LOG] SystemI::createSoundInternal             : Sample 0/1: name='cloth_3', format=2, channels=2, frequency=48000, lengthbytes=6720, lengthpcm=33545, pcmblocksize=0, loopstart=0, loopend=32726, mode=0x00000000, channelmask=0x00000000, channelorder=0, peakvolume=0.707000.
[LOG] SystemI::createSoundInternal             : Create name='', mode=0x02000202
[LOG] SystemI::createSoundInternal             : exinfo->cbsize             = 232
[LOG] SystemI::createSoundInternal             : exinfo->length             = 331264
[LOG] SystemI::createSoundInternal             : exinfo->fileoffset         = 70144
[LOG] SystemI::createSoundInternal             : exinfo->numsubsounds       = 1
[LOG] SystemI::createSoundInternal             : exinfo->inclusionlist      = 00000000A544F5FC
[LOG] SystemI::createSoundInternal             : exinfo->inclusionlistnum   = 1
[LOG] SystemI::createSoundInternal             : exinfo->suggestedsoundtype = 5
[LOG] SystemI::createSoundInternal             : exinfo->useropen           = 00007FFABC2BE310
[LOG] SystemI::createSoundInternal             : exinfo->userclose          = 00007FFABC2BE2E0
[LOG] SystemI::createSoundInternal             : exinfo->userread           = 00007FFABC2BE3E0
[LOG] SystemI::createSoundInternal             : exinfo->userseek           = 00007FFABC2BE490
[LOG] SystemI::createSoundInternal             : exinfo->fileuserdata       = 00000000A59903A8
[LOG] SystemI::createSoundInternal             : exinfo->initialseekpostype = 1
[LOG] SystemI::DSPCodecPoolRegister            : register codec pool for pool type 5
[LOG] SystemI::createSoundInternal             : Sample 0/1: name='cloth_4', format=2, channels=2, frequency=48000, lengthbytes=6816, lengthpcm=33545, pcmblocksize=0, loopstart=0, loopend=32726, mode=0x00000000, channelmask=0x00000000, channelorder=0, peakvolume=0.707000.
[LOG] SystemI::createSoundInternal             : Create name='', mode=0x02000202
[LOG] SystemI::createSoundInternal             : exinfo->cbsize             = 232
[LOG] SystemI::createSoundInternal             : exinfo->length             = 331264
[LOG] SystemI::createSoundInternal             : exinfo->fileoffset         = 70144
[LOG] SystemI::createSoundInternal             : exinfo->numsubsounds       = 1
[LOG] SystemI::createSoundInternal             : exinfo->inclusionlist      = 00000000A544F5FC
[LOG] SystemI::createSoundInternal             : exinfo->inclusionlistnum   = 1
[LOG] SystemI::createSoundInternal             : exinfo->suggestedsoundtype = 5
[LOG] SystemI::createSoundInternal             : exinfo->useropen           = 00007FFABC2BE310
[LOG] SystemI::createSoundInternal             : exinfo->userclose          = 00007FFABC2BE2E0
[LOG] SystemI::createSoundInternal             : exinfo->userread           = 00007FFABC2BE3E0
[LOG] SystemI::createSoundInternal             : exinfo->userseek           = 00007FFABC2BE490
[LOG] SystemI::createSoundInternal             : exinfo->fileuserdata       = 00000000A59903A8
[LOG] SystemI::createSoundInternal             : exinfo->initialseekpostype = 1
[LOG] SystemI::DSPCodecPoolRegister            : register codec pool for pool type 5
[LOG] SystemI::createSoundInternal             : Sample 0/1: name='cloth_2', format=2, channels=2, frequency=48000, lengthbytes=6656, lengthpcm=33545, pcmblocksize=0, loopstart=0, loopend=32726, mode=0x00000000, channelmask=0x00000000, channelorder=0, peakvolume=0.707000.
[LOG] SystemI::createSoundInternal             : Create name='', mode=0x02000202
[LOG] SystemI::createSoundInternal             : exinfo->cbsize             = 232
[LOG] SystemI::createSoundInternal             : exinfo->length             = 331264
[LOG] SystemI::createSoundInternal             : exinfo->fileoffset         = 70144
[LOG] SystemI::createSoundInternal             : exinfo->numsubsounds       = 1
[LOG] SystemI::createSoundInternal             : exinfo->inclusionlist      = 00000000A544F5FC
[LOG] SystemI::createSoundInternal             : exinfo->inclusionlistnum   = 1
[LOG] SystemI::createSoundInternal             : exinfo->suggestedsoundtype = 5
[LOG] SystemI::createSoundInternal             : exinfo->useropen           = 00007FFABC2BE310
[LOG] SystemI::createSoundInternal             : exinfo->userclose          = 00007FFABC2BE2E0
[LOG] SystemI::createSoundInternal             : exinfo->userread           = 00007FFABC2BE3E0
[LOG] SystemI::createSoundInternal             : exinfo->userseek           = 00007FFABC2BE490
[LOG] SystemI::createSoundInternal             : exinfo->fileuserdata       = 00000000A59903A8
[LOG] SystemI::createSoundInternal             : exinfo->initialseekpostype = 1
[LOG] SystemI::DSPCodecPoolRegister            : register codec pool for pool type 5
[LOG] SystemI::createSoundInternal             : Sample 0/1: name='cloth_1', format=2, channels=2, frequency=48000, lengthbytes=7968, lengthpcm=40091, pcmblocksize=0, loopstart=0, loopend=39272, mode=0x00000000, channelmask=0x00000000, channelorder=0, peakvolume=0.707000.
[LOG] SystemI::createSoundInternal             : Create name='', mode=0x02000202
[LOG] SystemI::createSoundInternal             : exinfo->cbsize             = 232
[LOG] SystemI::createSoundInternal             : exinfo->length             = 331264
[LOG] SystemI::createSoundInternal             : exinfo->fileoffset         = 70144
[LOG] SystemI::createSoundInternal             : exinfo->numsubsounds       = 1
[LOG] SystemI::createSoundInternal             : exinfo->inclusionlist      = 00000000A544F5FC
[LOG] SystemI::createSoundInternal             : exinfo->inclusionlistnum   = 1
[LOG] SystemI::createSoundInternal             : exinfo->suggestedsoundtype = 5
[LOG] SystemI::createSoundInternal             : exinfo->useropen           = 00007FFABC2BE310
[LOG] SystemI::createSoundInternal             : exinfo->userclose          = 00007FFABC2BE2E0
[LOG] SystemI::createSoundInternal             : exinfo->userread           = 00007FFABC2BE3E0
[LOG] SystemI::createSoundInternal             : exinfo->userseek           = 00007FFABC2BE490
[LOG] SystemI::createSoundInternal             : exinfo->fileuserdata       = 0000000097CEA648
[LOG] SystemI::createSoundInternal             : exinfo->initialseekpostype = 1
[LOG] SystemI::DSPCodecPoolRegister            : register codec pool for pool type 5
[LOG] SystemI::createSoundInternal             : Sample 0/1: name='steps_stone_3', format=2, channels=2, frequency=48000, lengthbytes=2592, lengthpcm=23077, pcmblocksize=0, loopstart=0, loopend=22153, mode=0x00000000, channelmask=0x00000000, channelorder=0, peakvolume=0.161146.
[LOG] SystemI::createSoundInternal             : Create name='', mode=0x02000202
[LOG] SystemI::createSoundInternal             : exinfo->cbsize             = 232
[LOG] SystemI::createSoundInternal             : exinfo->length             = 331264
[LOG] SystemI::createSoundInternal             : exinfo->fileoffset         = 70144
[LOG] SystemI::createSoundInternal             : exinfo->numsubsounds       = 1
[LOG] SystemI::createSoundInternal             : exinfo->inclusionlist      = 00000000A544F5FC
[LOG] SystemI::createSoundInternal             : exinfo->inclusionlistnum   = 1
[LOG] SystemI::createSoundInternal             : exinfo->suggestedsoundtype = 5
[LOG] SystemI::createSoundInternal             : exinfo->useropen           = 00007FFABC2BE310
[LOG] SystemI::createSoundInternal             : exinfo->userclose          = 00007FFABC2BE2E0
[LOG] SystemI::createSoundInternal             : exinfo->userread           = 00007FFABC2BE3E0
[LOG] SystemI::createSoundInternal             : exinfo->userseek           = 00007FFABC2BE490
[LOG] SystemI::createSoundInternal             : exinfo->fileuserdata       = 0000000097CEA648
[LOG] SystemI::createSoundInternal             : exinfo->initialseekpostype = 1
[LOG] SystemI::DSPCodecPoolRegister            : register codec pool for pool type 5
[LOG] SystemI::createSoundInternal             : Sample 0/1: name='steps_stone_1', format=2, channels=2, frequency=48000, lengthbytes=2784, lengthpcm=23077, pcmblocksize=0, loopstart=0, loopend=22153, mode=0x00000000, channelmask=0x00000000, channelorder=0, peakvolume=0.173838.
[LOG] SystemI::createSoundInternal             : Create name='', mode=0x02000202
[LOG] SystemI::createSoundInternal             : exinfo->cbsize             = 232
[LOG] SystemI::createSoundInternal             : exinfo->length             = 331264
[LOG] SystemI::createSoundInternal             : exinfo->fileoffset         = 70144
[LOG] SystemI::createSoundInternal             : exinfo->numsubsounds       = 1
[LOG] SystemI::createSoundInternal             : exinfo->inclusionlist      = 00000000A544F5FC
[LOG] SystemI::createSoundInternal             : exinfo->inclusionlistnum   = 1
[LOG] SystemI::createSoundInternal             : exinfo->suggestedsoundtype = 5
[LOG] SystemI::createSoundInternal             : exinfo->useropen           = 00007FFABC2BE310
[LOG] SystemI::createSoundInternal             : exinfo->userclose          = 00007FFABC2BE2E0
[LOG] SystemI::createSoundInternal             : exinfo->userread           = 00007FFABC2BE3E0
[LOG] SystemI::createSoundInternal             : exinfo->userseek           = 00007FFABC2BE490
[LOG] SystemI::createSoundInternal             : exinfo->fileuserdata       = 0000000097CEA648
[LOG] SystemI::createSoundInternal             : exinfo->initialseekpostype = 1
[LOG] SystemI::DSPCodecPoolRegister            : register codec pool for pool type 5
[LOG] SystemI::createSoundInternal             : Sample 0/1: name='steps_stone_7', format=2, channels=2, frequency=48000, lengthbytes=2656, lengthpcm=23077, pcmblocksize=0, loopstart=0, loopend=22153, mode=0x00000000, channelmask=0x00000000, channelorder=0, peakvolume=0.161190.
[LOG] SystemI::createSoundInternal             : Create name='', mode=0x02000202
[LOG] SystemI::createSoundInternal             : exinfo->cbsize             = 232
[LOG] SystemI::createSoundInternal             : exinfo->length             = 331264
[LOG] SystemI::createSoundInternal             : exinfo->fileoffset         = 70144
[LOG] SystemI::createSoundInternal             : exinfo->numsubsounds       = 1
[LOG] SystemI::createSoundInternal             : exinfo->inclusionlist      = 00000000A544F5FC
[LOG] SystemI::createSoundInternal             : exinfo->inclusionlistnum   = 1
[LOG] SystemI::createSoundInternal             : exinfo->suggestedsoundtype = 5
[LOG] SystemI::createSoundInternal             : exinfo->useropen           = 00007FFABC2BE310
[LOG] SystemI::createSoundInternal             : exinfo->userclose          = 00007FFABC2BE2E0
[LOG] SystemI::createSoundInternal             : exinfo->userread           = 00007FFABC2BE3E0
[LOG] SystemI::createSoundInternal             : exinfo->userseek           = 00007FFABC2BE490
[LOG] SystemI::createSoundInternal             : exinfo->fileuserdata       = 0000000097CEA648
[LOG] SystemI::createSoundInternal             : exinfo->initialseekpostype = 1
[LOG] SystemI::DSPCodecPoolRegister            : register codec pool for pool type 5
[LOG] SystemI::createSoundInternal             : Sample 0/1: name='steps_stone_4', format=2, channels=2, frequency=48000, lengthbytes=2592, lengthpcm=23077, pcmblocksize=0, loopstart=0, loopend=22153, mode=0x00000000, channelmask=0x00000000, channelorder=0, peakvolume=0.104196.
[LOG] SystemI::createSoundInternal             : Create name='', mode=0x02000202
[LOG] SystemI::createSoundInternal             : exinfo->cbsize             = 232
[LOG] SystemI::createSoundInternal             : exinfo->length             = 331264
[LOG] SystemI::createSoundInternal             : exinfo->fileoffset         = 70144
[LOG] SystemI::createSoundInternal             : exinfo->numsubsounds       = 1
[LOG] SystemI::createSoundInternal             : exinfo->inclusionlist      = 00000000A544F5FC
[LOG] SystemI::createSoundInternal             : exinfo->inclusionlistnum   = 1
[LOG] SystemI::createSoundInternal             : exinfo->suggestedsoundtype = 5
[LOG] SystemI::createSoundInternal             : exinfo->useropen           = 00007FFABC2BE310
[LOG] SystemI::createSoundInternal             : exinfo->userclose          = 00007FFABC2BE2E0
[LOG] SystemI::createSoundInternal             : exinfo->userread           = 00007FFABC2BE3E0
[LOG] SystemI::createSoundInternal             : exinfo->userseek           = 00007FFABC2BE490
[LOG] SystemI::createSoundInternal             : exinfo->fileuserdata       = 0000000097CEA648
[LOG] SystemI::createSoundInternal             : exinfo->initialseekpostype = 1
[LOG] SystemI::DSPCodecPoolRegister            : register codec pool for pool type 5
[LOG] SystemI::createSoundInternal             : Sample 0/1: name='steps_stone_2', format=2, channels=2, frequency=48000, lengthbytes=2784, lengthpcm=23077, pcmblocksize=0, loopstart=0, loopend=22153, mode=0x00000000, channelmask=0x00000000, channelorder=0, peakvolume=0.071268.
[LOG] SystemI::createSoundInternal             : Create name='', mode=0x02000202
[LOG] SystemI::createSoundInternal             : exinfo->cbsize             = 232
[LOG] SystemI::createSoundInternal             : exinfo->length             = 331264
[LOG] SystemI::createSoundInternal             : exinfo->fileoffset         = 70144
[LOG] SystemI::createSoundInternal             : exinfo->numsubsounds       = 1
[LOG] SystemI::createSoundInternal             : exinfo->inclusionlist      = 00000000A544F5FC
[LOG] SystemI::createSoundInternal             : exinfo->inclusionlistnum   = 1
[LOG] SystemI::createSoundInternal             : exinfo->suggestedsoundtype = 5
[LOG] SystemI::createSoundInternal             : exinfo->useropen           = 00007FFABC2BE310
[LOG] SystemI::createSoundInternal             : exinfo->userclose          = 00007FFABC2BE2E0
[LOG] SystemI::createSoundInternal             : exinfo->userread           = 00007FFABC2BE3E0
[LOG] SystemI::createSoundInternal             : exinfo->userseek           = 00007FFABC2BE490
[LOG] SystemI::createSoundInternal             : exinfo->fileuserdata       = 0000000097CEA648
[LOG] SystemI::createSoundInternal             : exinfo->initialseekpostype = 1
[LOG] SystemI::DSPCodecPoolRegister            : register codec pool for pool type 5
[LOG] SystemI::createSoundInternal             : Sample 0/1: name='steps_stone_8', format=2, channels=2, frequency=48000, lengthbytes=2688, lengthpcm=23077, pcmblocksize=0, loopstart=0, loopend=22153, mode=0x00000000, channelmask=0x00000000, channelorder=0, peakvolume=0.184842.
[LOG] SystemI::createSoundInternal             : Create name='', mode=0x02000202
[LOG] SystemI::createSoundInternal             : exinfo->cbsize             = 232
[LOG] SystemI::createSoundInternal             : exinfo->length             = 331264
[LOG] SystemI::createSoundInternal             : exinfo->fileoffset         = 70144
[LOG] SystemI::createSoundInternal             : exinfo->numsubsounds       = 1
[LOG] SystemI::createSoundInternal             : exinfo->inclusionlist      = 00000000A544F5FC
[LOG] SystemI::createSoundInternal             : exinfo->inclusionlistnum   = 1
[LOG] SystemI::createSoundInternal             : exinfo->suggestedsoundtype = 5
[LOG] SystemI::createSoundInternal             : exinfo->useropen           = 00007FFABC2BE310
[LOG] SystemI::createSoundInternal             : exinfo->userclose          = 00007FFABC2BE2E0
[LOG] SystemI::createSoundInternal             : exinfo->userread           = 00007FFABC2BE3E0
[LOG] SystemI::createSoundInternal             : exinfo->userseek           = 00007FFABC2BE490
[LOG] SystemI::createSoundInternal             : exinfo->fileuserdata       = 0000000097CEA648
[LOG] SystemI::createSoundInternal             : exinfo->initialseekpostype = 1
[LOG] SystemI::DSPCodecPoolRegister            : register codec pool for pool type 5
[LOG] SystemI::createSoundInternal             : Sample 0/1: name='steps_stone_6', format=2, channels=2, frequency=48000, lengthbytes=2752, lengthpcm=23077, pcmblocksize=0, loopstart=0, loopend=22153, mode=0x00000000, channelmask=0x00000000, channelorder=0, peakvolume=0.081163.
[LOG] SystemI::createSoundInternal             : Create name='', mode=0x02000202
[LOG] SystemI::createSoundInternal             : exinfo->cbsize             = 232
[LOG] SystemI::createSoundInternal             : exinfo->length             = 331264
[LOG] SystemI::createSoundInternal             : exinfo->fileoffset         = 70144
[LOG] SystemI::createSoundInternal             : exinfo->numsubsounds       = 1
[LOG] SystemI::createSoundInternal             : exinfo->inclusionlist      = 00000000A544F5FC
[LOG] SystemI::createSoundInternal             : exinfo->inclusionlistnum   = 1
[LOG] SystemI::createSoundInternal             : exinfo->suggestedsoundtype = 5
[LOG] SystemI::createSoundInternal             : exinfo->useropen           = 00007FFABC2BE310
[LOG] SystemI::createSoundInternal             : exinfo->userclose          = 00007FFABC2BE2E0
[LOG] SystemI::createSoundInternal             : exinfo->userread           = 00007FFABC2BE3E0
[LOG] SystemI::createSoundInternal             : exinfo->userseek           = 00007FFABC2BE490
[LOG] SystemI::createSoundInternal             : exinfo->fileuserdata       = 0000000097CEB0E8
[LOG] SystemI::createSoundInternal             : exinfo->initialseekpostype = 1
[LOG] SystemI::DSPCodecPoolRegister            : register codec pool for pool type 5
[LOG] SystemI::createSoundInternal             : Sample 0/1: name='jump_cloth_2', format=2, channels=2, frequency=48000, lengthbytes=4416, lengthpcm=23077, pcmblocksize=0, loopstart=0, loopend=22153, mode=0x00000000, channelmask=0x00000000, channelorder=0, peakvolume=0.254421.
[LOG] SystemI::createSoundInternal             : Create name='', mode=0x02000202
[LOG] SystemI::createSoundInternal             : exinfo->cbsize             = 232
[LOG] SystemI::createSoundInternal             : exinfo->length             = 331264
[LOG] SystemI::createSoundInternal             : exinfo->fileoffset         = 70144
[LOG] SystemI::createSoundInternal             : exinfo->numsubsounds       = 1
[LOG] SystemI::createSoundInternal             : exinfo->inclusionlist      = 00000000A544F5FC
[LOG] SystemI::createSoundInternal             : exinfo->inclusionlistnum   = 1
[LOG] SystemI::createSoundInternal             : exinfo->suggestedsoundtype = 5
[LOG] SystemI::createSoundInternal             : exinfo->useropen           = 00007FFABC2BE310
[LOG] SystemI::createSoundInternal             : exinfo->userclose          = 00007FFABC2BE2E0
[LOG] SystemI::createSoundInternal             : exinfo->userread           = 00007FFABC2BE3E0
[LOG] SystemI::createSoundInternal             : exinfo->userseek           = 00007FFABC2BE490
[LOG] SystemI::createSoundInternal             : exinfo->fileuserdata       = 0000000097CEB0E8
[LOG] SystemI::createSoundInternal             : exinfo->initialseekpostype = 1
[LOG] SystemI::DSPCodecPoolRegister            : register codec pool for pool type 5
[LOG] SystemI::createSoundInternal             : Sample 0/1: name='jump_cloth_1', format=2, channels=2, frequency=48000, lengthbytes=4800, lengthpcm=23077, pcmblocksize=0, loopstart=0, loopend=22153, mode=0x00000000, channelmask=0x00000000, channelorder=0, peakvolume=0.268476.
[LOG] SystemI::createSoundInternal             : Create name='', mode=0x02000202
[LOG] SystemI::createSoundInternal             : exinfo->cbsize             = 232
[LOG] SystemI::createSoundInternal             : exinfo->length             = 331264
[LOG] SystemI::createSoundInternal             : exinfo->fileoffset         = 70144
[LOG] SystemI::createSoundInternal             : exinfo->numsubsounds       = 1
[LOG] SystemI::createSoundInternal             : exinfo->inclusionlist      = 00000000A544F5FC
[LOG] SystemI::createSoundInternal             : exinfo->inclusionlistnum   = 1
[LOG] SystemI::createSoundInternal             : exinfo->suggestedsoundtype = 5
[LOG] SystemI::createSoundInternal             : exinfo->useropen           = 00007FFABC2BE310
[LOG] SystemI::createSoundInternal             : exinfo->userclose          = 00007FFABC2BE2E0
[LOG] SystemI::createSoundInternal             : exinfo->userread           = 00007FFABC2BE3E0
[LOG] SystemI::createSoundInternal             : exinfo->userseek           = 00007FFABC2BE490
[LOG] SystemI::createSoundInternal             : exinfo->fileuserdata       = 0000000097CEB0E8
[LOG] SystemI::createSoundInternal             : exinfo->initialseekpostype = 1
[LOG] SystemI::DSPCodecPoolRegister            : register codec pool for pool type 5
[LOG] SystemI::createSoundInternal             : Sample 0/1: name='jump_cloth_3', format=2, channels=2, frequency=48000, lengthbytes=4288, lengthpcm=23077, pcmblocksize=0, loopstart=0, loopend=22153, mode=0x00000000, channelmask=0x00000000, channelorder=0, peakvolume=0.148321.
[LOG] SystemI::mixerSuspend                    : Suspending output.
[LOG] SystemI::mixerResume                     : Resuming output.
[LOG] SystemI::mixerSuspend                    : Suspending output.
[LOG] SystemI::mixerResume                     : Resuming output.
[LOG] SoundI::release                          :  (000000008242A9F8)
[LOG] SoundI::release                          :     jump_cloth_1 (00000000A5A362B8)
[LOG] SoundI::release                          :  (000000008242AE48)
[LOG] SoundI::release                          :     jump_cloth_2 (00000000A5A36E18)
[LOG] SoundI::release                          :  (000000008242B6E8)
[LOG] SoundI::release                          :     jump_cloth_3 (00000000A5A365F8)
[LOG] SoundI::release                          :  (000000005E075AF8)
[LOG] SoundI::release                          :     cloth_1 (00000000A5A36118)
[LOG] SoundI::release                          :  (000000005E075F48)
[LOG] SoundI::release                          :     cloth_2 (00000000A5A34A58)
[LOG] SoundI::release                          :  (000000005E075988)
[LOG] SoundI::release                          :     cloth_3 (00000000A5A35278)
[LOG] SoundI::release                          :  (000000005E076DA8)
[LOG] SoundI::release                          :     cloth_4 (00000000A5A36938)
[LOG] SoundI::release                          :  (000000005E0767E8)
[LOG] SoundI::release                          :     steps_stone_1 (00000000A5A33BB8)
[LOG] SoundI::release                          :  (000000005E076508)
[LOG] SoundI::release                          :     steps_stone_2 (00000000A5A35758)
[LOG] SoundI::release                          :  (000000005E075C68)
[LOG] SoundI::release                          :     steps_stone_3 (00000000A5A36458)
[LOG] SoundI::release                          :  (000000005E076398)
[LOG] SoundI::release                          :     steps_stone_4 (00000000A5A33EF8)
[LOG] SoundI::release                          :  (000000005E076678)
[LOG] SoundI::release                          :     steps_stone_6 (00000000A5A36AD8)
[LOG] SoundI::release                          :  (000000005E076228)
[LOG] SoundI::release                          :     steps_stone_7 (00000000A5A33D58)
[LOG] SoundI::release                          :  (000000005E076958)
[LOG] SoundI::release                          :     steps_stone_8 (00000000A5A358F8)
[LOG] Thread::callback                         : FMOD Studio update thread finished.
[LOG] Thread::callback                         : FMOD Studio bank load thread finished.
[LOG] Profile::disconnectAll                   : Profiler disconnecting all clients
[LOG] Thread::callback                         : FMOD Studio sample load thread finished.
[LOG] LiveUpdate::release                      : 
[LOG] LiveUpdate::reset                        : Reset connection (reason Disconnected)
[LOG] Thread::callback                         : FMOD stream thread finished.
[LOG] Thread::callback                         : FMOD mixer thread finished.
[LOG] Profile::disconnectAll                   : Profiler disconnecting all clients
[LOG] SystemI::close                           : Closed.
